C:\Cadastro de Lotes\Cremação 20.dwg,Layout1,08/05/2003 10:14:18,ivan,HP DeskJet 690C (Cópia 2),A4 (210 x 297 mm),1:1,
C:\Cadastro de Lotes\Cremação 20.dwg,Layout1,08/05/2003 10:15:59,ivan,HP DeskJet 692C,A4 (210 x 297 mm),1:1,
C:\Cadastro de Lotes\Cremação 20.dwg,Layout1,08/05/2003 10:16:52,ivan,HP DeskJet 690C (Cópia 2),A4 (210 x 297 mm),1:1,
C:\Cadastro de Lotes\Marco 08.dwg,Layout1,08/05/2003 11:11:33,ivan,HP DeskJet 690C (Cópia 2),A4 (210 x 297 mm),1:1,
C:\Cadastro de Lotes\Marco 08.dwg,Layout1,08/05/2003 11:13:07,ivan,HP DeskJet 692C,A4 (210 x 297 mm),1:1,
C:\Cadastro de Lotes\Marco 08.dwg,Layout1,08/05/2003 11:13:44,ivan,HP DeskJet 690C,A4 (210 x 297 mm),1:1,
C:\Cadastro de Lotes\Terra Firme 19.dwg,Layout1,09/05/2003 14:54:15,ivan,HP DeskJet 690C,A4 (210 x 297 mm),1:1,
C:\Cadastro de Lotes\Terra Firme 19.dwg,Layout1,09/05/2003 15:04:03,ivan,HP DeskJet 690C,A4 (210 x 297 mm),1:1,
C:\Cadastro de Lotes\Pedreira 07.dwg,Layout1,14/05/2003 14:31:25,ivan,HP DeskJet 690C,A4 (210 x 297 mm),1:1,
C:\Cadastro de Lotes\Pedreira 07.dwg,Layout1,14/05/2003 14:32:25,ivan,HP DeskJet 690C,A4 (210 x 297 mm),1:1,
C:\Cadastro de Lotes\Marco 08.dwg,Layout1,28/05/2003 09:55:38,ivan,HP DeskJet 690C (Cópia 2),A4 (210 x 297 mm),1:1,
C:\Cadastro de Lotes\Marambaia 10.dwg,Layout1,16/06/2003 11:02:38,ASSESSORIA TECNICA - ATEC, SEC,HP DeskJet 690C (Cópia 2),A4 (210 x 297 mm),1:1,
C:\Cadastro de Lotes\Sacramenta 06.dwg,Layout1,16/06/2003 11:25:15,ASSESSORIA TECNICA - ATEC, SEC,HP DeskJet 690C (Cópia 2),A4 (210 x 297 mm),1:1,
C:\Cadastro de Lotes\Barreiro 27.dwg,Layout1,16/06/2003 11:51:24,ASSESSORIA TECNICA - ATEC, SEC,HP DeskJet 690C (Cópia 2),A4 (210 x 297 mm),1:1,
C:\Cadastro de Lotes\Cremação 20.dwg,Layout1,16/06/2003 11:57:11,ASSESSORIA TECNICA - ATEC, SEC,HP DeskJet 690C (Cópia 2),A4 (210 x 297 mm),1:1,
C:\Cadastro de Lotes\Cremação 20.dwg,Layout1,16/06/2003 11:59:30,ASSESSORIA TECNICA - ATEC, SEC,HP DeskJet 690C (Cópia 2),A4 (210 x 297 mm),1:1,
C:\ATEC\PROJETOS\Projetos em andamento\Monte Alegre Rua_Cidade Velha_PROJETO.dwg,A4,18/06/2003 12:58:17,ivan,HP DeskJet 690C (Cópia 2) (temporary).pc3,A4 (210 x 297 mm),1:1,
C:\ATEC\PROJETOS\Projetos em andamento\Monte Alegre Rua_Cidade Velha_PROJETO.dwg,A4,18/06/2003 12:58:44,ivan,HP DeskJet 690C (Cópia 2) (temporary).pc3,A4 (210 x 297 mm),1:1,
C:\ATEC\PROJETOS\Projetos em andamento\Monte Alegre Rua_Cidade Velha_PROJETO.dwg,A4,18/06/2003 12:59:06,ivan,HP DeskJet 690C (Cópia 2) (temporary).pc3,A4 (210 x 297 mm),1:1,
C:\ATEC\MAPA GERAL.dwg,P1 BELÉM,25/06/2003 11:42:15,ivan,HP DeskJet 690C (Cópia 2),A4 (210 x 297 mm),1:1,
\\Atec01\cadastro dos\Planta dos Canais Faixa de Dominio\Planta dos Canais.dwg,LayoutA0_Pch1,26/06/2003 11:28:26,ivan,HP DeskJet 690C (Cópia 2),A4 (210 x 297 mm),1:1,
\\Atec01\cadastro dos\Planta dos Canais Faixa de Dominio\Planta dos Canais.dwg,LayoutA0_Pch1,26/06/2003 11:42:57,ivan,HP DeskJet 690C (Cópia 2),A4 (210 x 297 mm),1:1,
C:\Cadastro de Lotes\Mangueirão 42.dwg,Layout1,14/07/2003 15:29:45,evandro,HP DeskJet 690C,A4 (210 x 297 mm),1:1,
C:\Cadastro de Lotes\Parque Verde 39.dwg,Layout1,14/07/2003 16:03:02,evandro,HP DeskJet 690C,A4 (210 x 297 mm),1:1,
C:\ATEC\PROJETOS\Nossa Senhora do Ó.dwg,Layout1,21/07/2003 12:21:45,evandro,HP DeskJet 690C (Cópia 2) (temporary).pc3,A4 (210 x 297 mm),1:1,
C:\ATEC\PROJETOS\Nossa Senhora do Ó.dwg,Layout1,21/07/2003 12:26:14,evandro,HP DeskJet 690C (Cópia 2) (temporary).pc3,A4 (210 x 297 mm),1:1,
C:\ATEC\PROJETOS\Nossa Senhora do Ó.dwg,Layout1,21/07/2003 12:26:51,evandro,HP DeskJet 690C (Cópia 2),A4 (210 x 297 mm),1:1,
C:\ATEC\PROJETOS\Nossa Senhora do Ó.dwg,Layout1,21/07/2003 12:28:26,evandro,HP DeskJet 690C (Cópia 2),A4 (210 x 297 mm),1:1,
C:\ATEC\PROJETOS\Nossa Senhora do Ó.dwg,Layout3,21/07/2003 12:37:45,evandro,EPSON Stylus COLOR 1520 (temporary).pc3,A3 297 x 420 mm,1:1,
C:\Cadastro de Lotes\Aeroporto 78.dwg,Layout1,21/07/2003 13:09:21,evandro,EPSON Stylus COLOR 1520,A3 297 x 420 mm,1:1,
C:\Cadastro de Lotes\Aeroporto 78.dwg,Layout1,21/07/2003 13:09:50,evandro,EPSON Stylus COLOR 1520,A3 297 x 420 mm,1:1,
C:\Cadastro de Lotes\Sacramenta 06.dwg,Layout1,05/08/2003 08:49:10,evandro,HP DeskJet 690C (Cópia 3),A4 (210 x 297 mm),1:1,
C:\Cadastro de Lotes\Sacramenta 06.dwg,Layout1,05/08/2003 08:59:25,evandro,HP DeskJet 690C (Cópia 3),A4 (210 x 297 mm),1:1,
\\Atec01\cadastro dos\Planta dos Canais Faixa de Dominio\Planta dos Canais.dwg,LayoutA0_Pch1,05/08/2003 10:05:52,evandro,HP DeskJet 690C (Cópia 2),A4 (210 x 297 mm),1:1,
\\Atec01\cadastro dos\Planta dos Canais Faixa de Dominio\Planta dos Canais.dwg,Model,05/08/2003 10:45:15,evandro,HP DeskJet 690C (Cópia 3),A4 (210 x 297 mm),1:1,
\\Atec01\cadastro dos\Planta dos Canais Faixa de Dominio\Planta dos Canais.dwg,LayoutA0_Pch1,05/08/2003 10:52:24,evandro,HP DeskJet 690C (Cópia 2),A4 (210 x 297 mm),1:1,
\\Atec01\cadastro dos\Planta dos Canais Faixa de Dominio\estrut_urbana1.dwg,LayoutA0_Pch1,05/08/2003 11:45:15,evandro,HP DeskJet 690C (Cópia 3),A4 (210 x 297 mm),1:1,
\\Atec01\cadastro dos\Planta dos Canais Faixa de Dominio\estrut_urbana1.dwg,LayoutA0_Pch1,05/08/2003 12:33:31,evandro,HP DeskJet 690C (Cópia 3),A4 (210 x 297 mm),1:1,
\\Atec01\cadastro dos\Planta dos Canais Faixa de Dominio\estrut_urbana1.dwg,LayoutA0_Pch1,05/08/2003 12:33:47,evandro,HP DeskJet 690C (Cópia 3),A4 (210 x 297 mm),1:1,
\\Atec01\cadastro dos\Planta dos Canais Faixa de Dominio\estrut_urbana1.dwg,LayoutA0_Pch1,05/08/2003 12:54:42,evandro,HP DeskJet 690C (Cópia 3),A4 (210 x 297 mm),1:1,
\\Atec01\cadastro dos\Planta dos Canais Faixa de Dominio\estrut_urbana1.dwg,LayoutA0_Pch1,05/08/2003 12:58:08,evandro,HP DeskJet 690C (Cópia 3),A4 (210 x 297 mm),1:1,
C:\Cartografia\Belém Icoaraci Outeiro\3588-21-2d.dwg,Layout1,05/08/2003 14:59:19,evandro,HP DeskJet 690C (Cópia 3),Ofício (216 x 356 mm),1:1,
C:\Cartografia\Belém Icoaraci Outeiro\3588-21-2d.dwg,Layout1,05/08/2003 15:01:54,evandro,HP DeskJet 690C (Cópia 3),Ofício (216 x 356 mm),1:1,
C:\Cadastro de Lotes\Guamá 18.dwg,Layout1,05/08/2003 15:19:02,evandro,HP DeskJet 690C (Cópia 3),Ofício (216 x 356 mm),1:1,
C:\Cadastro de Lotes\Guamá 18.dwg,Layout1,05/08/2003 15:21:57,evandro,HP DeskJet 690C (Cópia 3),Ofício (216 x 356 mm),1:1,
C:\Cadastro de Lotes\Águas Lindas 32.dwg,Layout1,07/08/2003 09:31:59,evandro,HP DeskJet 690C (Cópia 3),A4 (210 x 297 mm),1:1,
C:\Cadastro de Lotes\Águas Lindas 32.dwg,Layout1,07/08/2003 09:40:14,evandro,HP DeskJet 690C (Cópia 2) (temporary).pc3,A4 (210 x 297 mm),1:1,
C:\Cadastro de Lotes\Águas Lindas 32.dwg,Layout1,07/08/2003 09:42:39,evandro,HP DeskJet 690C (Cópia 2).pc3,A4 (210 x 297 mm),1:1,
C:\Cadastro de Lotes\Águas Lindas 32.dwg,Layout1,07/08/2003 09:50:57,evandro,EPSON Stylus COLOR 1520 (temporary).pc3,A3 297 x 420 mm,1:1,
C:\Cadastro de Lotes\Guamá 18.dwg,Layout1,11/08/2003 10:42:53,evandro,EPSON Stylus COLOR 1520,A3 297 x 420 mm,1:1,
C:\Cadastro de Lotes\Guamá 18.dwg,Layout1,11/08/2003 10:48:45,evandro,EPSON Stylus COLOR 1520,A3 297 x 420 mm,1:1,
C:\Cadastro de Lotes\Telégrafo 05.dwg,Layout1,12/08/2003 08:41:37,ASSESSORIA TECNICA - ATEC, SEC,HP DeskJet 690C (Cópia 3),A4 (210 x 297 mm),1:1,
C:\Cadastro de Lotes\Telégrafo 05.dwg,Layout1,12/08/2003 08:47:17,ASSESSORIA TECNICA - ATEC, SEC,HP DeskJet 690C (Cópia 2),A4 (210 x 297 mm),1:1,
C:\Cadastro de Lotes\Umarizal_04.dwg,Layout1,12/08/2003 08:56:37,ASSESSORIA TECNICA - ATEC, SEC,HP DeskJet 690C (Cópia 3),A4 (210 x 297 mm),1:1,
C:\Cadastro de Lotes\Telégrafo 05.dwg,Model,12/08/2003 10:20:44,ASSESSORIA TECNICA - ATEC, SEC,HP DeskJet 690C (Cópia 2),A4 (210 x 297 mm),1:1,
\\Atec01\cadastro dos\Planta dos Canais Faixa de Dominio\Planta dos Canais.dwg,LayoutA0_Pch1,18/08/2003 10:43:40,evandro,HP DeskJet 690C (Cópia 2),A4 (210 x 297 mm),1:1,
C:\Cadastro de Lotes\Jurunas 16.dwg,Layout1,18/08/2003 11:00:18,evandro,HP DeskJet 690C (Cópia 3),A4 (210 x 297 mm),1:1,
C:\Cadastro de Lotes\Jurunas 16.dwg,Layout1,18/08/2003 11:00:36,evandro,HP DeskJet 690C (Cópia 3),A4 (210 x 297 mm),1:1,
C:\Cadastro de Lotes\Jurunas 16.dwg,Layout1,18/08/2003 11:02:19,evandro,HP DeskJet 690C (Cópia 3),A4 (210 x 297 mm),1:1,
C:\Cadastro de Lotes\Jurunas 16.dwg,Layout1,18/08/2003 11:02:42,evandro,HP DeskJet 690C (Cópia 3),A4 (210 x 297 mm),1:1,
C:\ATEC\PROJETOS\Camapu Pass_BSayão-Jacob.dwg,Layout1,18/08/2003 11:54:08,evandro,EPSON Stylus COLOR 1520 (temporary).pc3,A3 297 x 420 mm,1:1,
C:\ATEC\PROJETOS\Camapu Pass_BSayão-Jacob.dwg,Layout1,18/08/2003 11:55:08,evandro,EPSON Stylus COLOR 1520 (temporary).pc3,A3 297 x 420 mm,1:1,
C:\ATEC\PROJETOS\Esperantista Rua_Coqueiro.dwg,Layout1,21/08/2003 08:33:36,evandro,EPSON Stylus COLOR 1520 (temporary).pc3,A3 297 x 420 mm,1:1,
C:\ATEC\PROJETOS\Esperantista Rua_Coqueiro.dwg,Layout1,21/08/2003 08:37:35,evandro,EPSON Stylus COLOR 1520 (temporary).pc3,A3 297 x 420 mm,1:1,
C:\ATEC\PROJETOS\Esperantista Rua_Coqueiro.dwg,Layout1,21/08/2003 08:40:01,evandro,EPSON Stylus COLOR 1520 (temporary).pc3,A3 297 x 420 mm,1:1,
C:\ATEC\PROJETOS\Esperantista Rua_Coqueiro.dwg,Layout1,21/08/2003 08:42:02,evandro,EPSON Stylus COLOR 1520.pc3,A3 297 x 420 mm,1:1,
C:\ATEC\PROJETOS\Esperantista Rua_Coqueiro.dwg,Layout1,21/08/2003 08:42:54,evandro,EPSON Stylus COLOR 1520.pc3,A3 297 x 420 mm,1:1,
C:\ATEC\PROJETOS\Esperantista Rua_Coqueiro.dwg,Layout1,21/08/2003 08:43:28,evandro,EPSON Stylus COLOR 1520 (temporary).pc3,A3 297 x 420 mm,1:1,
C:\ATEC\PROJETOS\Esperantista Rua_Coqueiro.dwg,Layout1,21/08/2003 08:44:15,evandro,EPSON Stylus COLOR 1520 (temporary).pc3,A3 297 x 420 mm,1:1,
C:\ATEC\Ligações Prediais\Planta Canais_faixa de dominio\Planta dos Canais.dwg,Model,22/08/2003 18:21:22,evandro,HP DeskJet 690C (Cópia 3),A4 (210 x 297 mm),1:1,
C:\Cadastro de Lotes\Coqueiro 48.dwg,Layout1,26/08/2003 16:34:40,evandro,EPSON Stylus COLOR 1520,A3 297 x 420 mm,1:1,
C:\Documents and Settings\PPGAU\Desktop\Quadras Jurunas.dwg,Layout1,19/5/2011 16:42:22,PPGAU,PDF995,A4,1:1.03132,
C:\Documents and Settings\PPGAU\Desktop\Quadras Jurunas.dwg,Layout1,19/5/2011 16:43:33,PPGAU,\\JJLIMA\hp LaserJet 1160,A4,1:1.05265,
C:\Documents and Settings\PPGAU\Desktop\Quadras Jurunas.dwg,Layout1,19/5/2011 16:44:10,PPGAU,\\JJLIMA\hp LaserJet 1160,A4,1:1.05265,
F:\backup\Dados\CADASTRO DE LOTES\TE CADASTR\Cadastro de Lotes\Condor 17.dwg,Model,4/10/2011 11:37:29,PPGAU,\\JJLIMA\hp LaserJet 1160,A4,1000:2000,
